[11-11-2024 01:07] WARNING: Error updating seller: There were no changes to update.
[11-11-2024 01:07] WARNING: Error updating seller: There were no changes to update.
[11-11-2024 01:07] WARNING: Error updating seller: Email is not valid.
[11-11-2024 01:07] WARNING: Error updating seller: Email is not valid.
[11-11-2024 01:07] WARNING: Error updating seller: Email is not valid.
[11-11-2024 01:07] WARNING: Error updating seller: Email is not valid.
[11-11-2024 01:08] WARNING: Error updating seller: Business name is not valid.
[11-11-2024 01:08] WARNING: Error updating seller: Business name is not valid.
[11-11-2024 01:08] WARNING: Error updating seller: Business name is not valid.
[11-11-2024 01:08] WARNING: Error updating seller: Name is not valid.
[11-11-2024 01:21] WARNING: Error updating seller: There were no changes to update.
[11-11-2024 01:21] WARNING: Error updating seller: Business name is not valid.
[11-11-2024 01:22] WARNING: Error updating seller: Business name is not valid.
[11-11-2024 01:23] WARNING: Error updating seller: Name is not valid.
[11-11-2024 01:24] WARNING: Error updating seller: Name is not valid.
[11-11-2024 01:24] WARNING: Error updating seller: Name is not valid.
[11-11-2024 01:24] WARNING: Error updating seller: Name is not valid.
[11-11-2024 01:25] WARNING: Error updating seller: There were no changes to update.
[11-11-2024 01:25] WARNING: Error updating seller: Business name is not valid.
[13-11-2024 19:19] WARNING: Error updating seller: Name is not valid.
[13-11-2024 19:20] WARNING: Error updating seller: Name is not valid.
[13-11-2024 19:20] WARNING: Error updating seller: Name is not valid.
[13-11-2024 19:20] WARNING: Error updating seller: Name is not valid.
[13-11-2024 19:20] WARNING: Error updating seller: Name is not valid.
[13-11-2024 19:20] WARNING: Error updating seller: Name is not valid.
[13-11-2024 19:22] WARNING: Error updating seller: Name is not valid.
[13-11-2024 19:22] WARNING: Error updating seller: Name is not valid.
[13-11-2024 19:23] WARNING: Error updating seller: Name is not valid.
[13-11-2024 19:23] WARNING: Error updating seller: Name is not valid.
[13-11-2024 19:23] WARNING: Error updating seller: Name is not valid.
[13-11-2024 19:39] SEVERE: Error updating seller: There were no changes to update.
[13-11-2024 19:39] SEVERE: Error updating seller: There were no changes to update.
[13-11-2024 19:39] SEVERE: Error updating seller: There were no changes to update.
[13-11-2024 19:39] WARNING: Error updating seller: Business name is not valid.
[13-11-2024 19:39] WARNING: Error updating seller: Business name is not valid.
[13-11-2024 19:39] WARNING: Error updating seller: Email is not valid.
[13-11-2024 19:41] SEVERE: Error updating seller: There were no changes to update.
[13-11-2024 19:41] WARNING: Error updating seller: Business name is not valid.
[13-11-2024 19:41] WARNING: Error updating seller: Business name is not valid.
[13-11-2024 19:42] WARNING: Error updating seller: Email is not valid.
[13-11-2024 19:42] WARNING: Error updating seller: Email is not valid.
[13-11-2024 19:42] WARNING: Error updating seller: Email is not valid.
